builddir="`pwd`"; cd libcharset && make all && make install-lib libdir="$builddir/lib" includedir="$builddir/lib"
make[1]: Entering directory `/srv/win32builder/fixed_364/libs/01_libiconv/libiconv-1.13.1/libcharset'
if [ ! -d include ] ; then mkdir include ; fi
cp ./include/libcharset.h.in include/libcharset.h
cd lib && make all
make[2]: Entering directory `/srv/win32builder/fixed_364/libs/01_libiconv/libiconv-1.13.1/libcharset/lib'
/bin/sh ../libtool --mode=compile i686-pc-mingw32-gcc -I. -I. -I.. -I./.. -I../include -I/srv/win32builder/fixed_364/build/win32/include -fvisibility=hidden -I/srv/win32builder/fixed_364/build/win32/include -DLIBDIR=\"/srv/win32builder/fixed_364/build/win32/lib\" -DBUILDING_LIBCHARSET -DBUILDING_DLL -DENABLE_RELOCATABLE=1 -DIN_LIBRARY -DINSTALLDIR=\"/srv/win32builder/fixed_364/build/win32/lib\" -DNO_XMALLOC -Dset_relocation_prefix=libcharset_set_relocation_prefix -Drelocate=libcharset_relocate -DHAVE_CONFIG_H -c ./localcharset.c
libtool: compile:  i686-pc-mingw32-gcc -I. -I. -I.. -I./.. -I../include -I/srv/win32builder/fixed_364/build/win32/include -fvisibility=hidden -I/srv/win32builder/fixed_364/build/win32/include -DLIBDIR=\"/srv/win32builder/fixed_364/build/win32/lib\" -DBUILDING_LIBCHARSET -DBUILDING_DLL -DENABLE_RELOCATABLE=1 -DIN_LIBRARY -DINSTALLDIR=\"/srv/win32builder/fixed_364/build/win32/lib\" -DNO_XMALLOC -Dset_relocation_prefix=libcharset_set_relocation_prefix -Drelocate=libcharset_relocate -DHAVE_CONFIG_H -c ./localcharset.c  -DDLL_EXPORT -DPIC -o .libs/localcharset.o
libtool: compile:  i686-pc-mingw32-gcc -I. -I. -I.. -I./.. -I../include -I/srv/win32builder/fixed_364/build/win32/include -fvisibility=hidden -I/srv/win32builder/fixed_364/build/win32/include -DLIBDIR=\"/srv/win32builder/fixed_364/build/win32/lib\" -DBUILDING_LIBCHARSET -DBUILDING_DLL -DENABLE_RELOCATABLE=1 -DIN_LIBRARY -DINSTALLDIR=\"/srv/win32builder/fixed_364/build/win32/lib\" -DNO_XMALLOC -Dset_relocation_prefix=libcharset_set_relocation_prefix -Drelocate=libcharset_relocate -DHAVE_CONFIG_H -c ./localcharset.c -o localcharset.o >/dev/null 2>&1
/bin/sh ../libtool --mode=compile i686-pc-mingw32-gcc -I. -I. -I.. -I./.. -I../include -I/srv/win32builder/fixed_364/build/win32/include -fvisibility=hidden -I/srv/win32builder/fixed_364/build/win32/include -DLIBDIR=\"/srv/win32builder/fixed_364/build/win32/lib\" -DBUILDING_LIBCHARSET -DBUILDING_DLL -DENABLE_RELOCATABLE=1 -DIN_LIBRARY -DINSTALLDIR=\"/srv/win32builder/fixed_364/build/win32/lib\" -DNO_XMALLOC -Dset_relocation_prefix=libcharset_set_relocation_prefix -Drelocate=libcharset_relocate -DHAVE_CONFIG_H -c ./relocatable.c
libtool: compile:  i686-pc-mingw32-gcc -I. -I. -I.. -I./.. -I../include -I/srv/win32builder/fixed_364/build/win32/include -fvisibility=hidden -I/srv/win32builder/fixed_364/build/win32/include -DLIBDIR=\"/srv/win32builder/fixed_364/build/win32/lib\" -DBUILDING_LIBCHARSET -DBUILDING_DLL -DENABLE_RELOCATABLE=1 -DIN_LIBRARY -DINSTALLDIR=\"/srv/win32builder/fixed_364/build/win32/lib\" -DNO_XMALLOC -Dset_relocation_prefix=libcharset_set_relocation_prefix -Drelocate=libcharset_relocate -DHAVE_CONFIG_H -c ./relocatable.c  -DDLL_EXPORT -DPIC -o .libs/relocatable.o
./relocatable.c: In function 'DllMain':
./relocatable.c:337: warning: visibility attribute not supported in this configuration; ignored
./relocatable.c: In function 'libcharset_relocate':
./relocatable.c:491: warning: visibility attribute not supported in this configuration; ignored
libtool: compile:  i686-pc-mingw32-gcc -I. -I. -I.. -I./.. -I../include -I/srv/win32builder/fixed_364/build/win32/include -fvisibility=hidden -I/srv/win32builder/fixed_364/build/win32/include -DLIBDIR=\"/srv/win32builder/fixed_364/build/win32/lib\" -DBUILDING_LIBCHARSET -DBUILDING_DLL -DENABLE_RELOCATABLE=1 -DIN_LIBRARY -DINSTALLDIR=\"/srv/win32builder/fixed_364/build/win32/lib\" -DNO_XMALLOC -Dset_relocation_prefix=libcharset_set_relocation_prefix -Drelocate=libcharset_relocate -DHAVE_CONFIG_H -c ./relocatable.c -o relocatable.o >/dev/null 2>&1
/bin/sh ../libtool --mode=link i686-pc-mingw32-gcc -L/srv/win32builder/fixed_364/build/win32/lib -I/srv/win32builder/fixed_364/build/win32/include -fvisibility=hidden -o libcharset.la -rpath /srv/win32builder/fixed_364/build/win32/lib -version-info 1:0:0 -no-undefined localcharset.lo relocatable.lo
libtool: link: i686-pc-mingw32-gcc -shared  .libs/localcharset.o .libs/relocatable.o   -L/srv/win32builder/fixed_364/build/win32/lib    -o .libs/libcharset-1.dll -Wl,--enable-auto-image-base -Xlinker --out-implib -Xlinker .libs/libcharset.dll.a
Creating library file: .libs/libcharset.dll.a
libtool: link: i686-pc-mingw32-ar cru .libs/libcharset.a  localcharset.o relocatable.o
libtool: link: i686-pc-mingw32-ranlib .libs/libcharset.a
libtool: link: ( cd ".libs" && rm -f "libcharset.la" && ln -s "../libcharset.la" "libcharset.la" )
/bin/sh ./config.charset 'i686-pc-mingw32' > t-charset.alias
mv t-charset.alias charset.alias
sed -e '/^#/d' -e 's/@''PACKAGE''@//g' ./ref-add.sin > t-ref-add.sed
mv t-ref-add.sed ref-add.sed
sed -e '/^#/d' -e 's/@''PACKAGE''@//g' ./ref-del.sin > t-ref-del.sed
mv t-ref-del.sed ref-del.sed
make[2]: Leaving directory `/srv/win32builder/fixed_364/libs/01_libiconv/libiconv-1.13.1/libcharset/lib'
make[1]: Leaving directory `/srv/win32builder/fixed_364/libs/01_libiconv/libiconv-1.13.1/libcharset'
make[1]: Entering directory `/srv/win32builder/fixed_364/libs/01_libiconv/libiconv-1.13.1/libcharset'
cd lib && make all
make[2]: Entering directory `/srv/win32builder/fixed_364/libs/01_libiconv/libiconv-1.13.1/libcharset/lib'
make[2]: Nothing to be done for `all'.
make[2]: Leaving directory `/srv/win32builder/fixed_364/libs/01_libiconv/libiconv-1.13.1/libcharset/lib'
cd lib && make install-lib libdir='/srv/win32builder/fixed_364/libs/01_libiconv/libiconv-1.13.1/lib' includedir='/srv/win32builder/fixed_364/libs/01_libiconv/libiconv-1.13.1/lib'
make[2]: Entering directory `/srv/win32builder/fixed_364/libs/01_libiconv/libiconv-1.13.1/libcharset/lib'
/bin/sh ../build-aux/mkinstalldirs /srv/win32builder/fixed_364/libs/01_libiconv/libiconv-1.13.1/lib
/bin/sh ../libtool --mode=install /usr/bin/install -c -m 644 libcharset.la /srv/win32builder/fixed_364/libs/01_libiconv/libiconv-1.13.1/lib/libcharset.la
libtool: install: /usr/bin/install -c -m 644 .libs/libcharset.dll.a /srv/win32builder/fixed_364/libs/01_libiconv/libiconv-1.13.1/lib/libcharset.dll.a
libtool: install: base_file=`basename libcharset.la`
libtool: install:  dlpath=`/bin/sh 2>&1 -c '. .libs/'libcharset.la'i; echo libcharset-1.dll'`
libtool: install:  dldir=/srv/win32builder/fixed_364/libs/01_libiconv/libiconv-1.13.1/lib/`dirname ../bin/libcharset-1.dll`
libtool: install:  test -d /srv/win32builder/fixed_364/libs/01_libiconv/libiconv-1.13.1/lib/../bin || mkdir -p /srv/win32builder/fixed_364/libs/01_libiconv/libiconv-1.13.1/lib/../bin
libtool: install:  /usr/bin/install -c -m 644 .libs/libcharset-1.dll /srv/win32builder/fixed_364/libs/01_libiconv/libiconv-1.13.1/lib/../bin/libcharset-1.dll
libtool: install:  chmod a+x /srv/win32builder/fixed_364/libs/01_libiconv/libiconv-1.13.1/lib/../bin/libcharset-1.dll
libtool: install:  if test -n '' && test -n 'i686-pc-mingw32-strip --strip-unneeded'; then eval 'i686-pc-mingw32-strip --strip-unneeded /srv/win32builder/fixed_364/libs/01_libiconv/libiconv-1.13.1/lib/../bin/libcharset-1.dll' || exit 0; fi
libtool: install: /usr/bin/install -c -m 644 .libs/libcharset.lai /srv/win32builder/fixed_364/libs/01_libiconv/libiconv-1.13.1/lib/libcharset.la
libtool: install: /usr/bin/install -c -m 644 .libs/libcharset.a /srv/win32builder/fixed_364/libs/01_libiconv/libiconv-1.13.1/lib/libcharset.a
libtool: install: chmod 644 /srv/win32builder/fixed_364/libs/01_libiconv/libiconv-1.13.1/lib/libcharset.a
libtool: install: i686-pc-mingw32-ranlib /srv/win32builder/fixed_364/libs/01_libiconv/libiconv-1.13.1/lib/libcharset.a
libtool: install: warning: remember to run `libtool --finish /srv/win32builder/fixed_364/build/win32/lib'
test -f /srv/win32builder/fixed_364/libs/01_libiconv/libiconv-1.13.1/lib/charset.alias && orig=/srv/win32builder/fixed_364/libs/01_libiconv/libiconv-1.13.1/lib/charset.alias \
	                                || orig=charset.alias; \
	sed -f ref-add.sed $orig > /srv/win32builder/fixed_364/libs/01_libiconv/libiconv-1.13.1/lib/t-charset.alias; \
	/usr/bin/install -c -m 644 /srv/win32builder/fixed_364/libs/01_libiconv/libiconv-1.13.1/lib/t-charset.alias /srv/win32builder/fixed_364/libs/01_libiconv/libiconv-1.13.1/lib/charset.alias; \
	rm -f /srv/win32builder/fixed_364/libs/01_libiconv/libiconv-1.13.1/lib/t-charset.alias
make[2]: Leaving directory `/srv/win32builder/fixed_364/libs/01_libiconv/libiconv-1.13.1/libcharset/lib'
/bin/sh ./build-aux/mkinstalldirs /srv/win32builder/fixed_364/libs/01_libiconv/libiconv-1.13.1/lib
/usr/bin/install -c -m 644 include/libcharset.h /srv/win32builder/fixed_364/libs/01_libiconv/libiconv-1.13.1/lib/libcharset.h
/usr/bin/install -c -m 644 include/localcharset.h.inst /srv/win32builder/fixed_364/libs/01_libiconv/libiconv-1.13.1/lib/localcharset.h
make[1]: Leaving directory `/srv/win32builder/fixed_364/libs/01_libiconv/libiconv-1.13.1/libcharset'
cd lib && make all
make[1]: Entering directory `/srv/win32builder/fixed_364/libs/01_libiconv/libiconv-1.13.1/lib'
/bin/sh ../libtool --mode=compile i686-pc-mingw32-gcc -I. -I. -I../include -I./../include -I.. -I./.. -I/srv/win32builder/fixed_364/build/win32/include -I/srv/win32builder/fixed_364/build/win32/include -fvisibility=hidden -DLIBDIR=\"/srv/win32builder/fixed_364/build/win32/lib\" -DBUILDING_LIBICONV -DBUILDING_DLL -DENABLE_RELOCATABLE=1 -DIN_LIBRARY -DINSTALLDIR=\"/srv/win32builder/fixed_364/build/win32/lib\" -DNO_XMALLOC -Dset_relocation_prefix=libiconv_set_relocation_prefix -Drelocate=libiconv_relocate -DHAVE_CONFIG_H -c ./iconv.c
libtool: compile:  i686-pc-mingw32-gcc -I. -I. -I../include -I./../include -I.. -I./.. -I/srv/win32builder/fixed_364/build/win32/include -I/srv/win32builder/fixed_364/build/win32/include -fvisibility=hidden -DLIBDIR=\"/srv/win32builder/fixed_364/build/win32/lib\" -DBUILDING_LIBICONV -DBUILDING_DLL -DENABLE_RELOCATABLE=1 -DIN_LIBRARY -DINSTALLDIR=\"/srv/win32builder/fixed_364/build/win32/lib\" -DNO_XMALLOC -Dset_relocation_prefix=libiconv_set_relocation_prefix -Drelocate=libiconv_relocate -DHAVE_CONFIG_H -c ./iconv.c  -DDLL_EXPORT -DPIC -o .libs/iconv.o
./iconv.c:576: warning: '_libiconv_version' redeclared without dllimport attribute: previous dllimport ignored
In file included from ./iconv.c:150:
lib/aliases.gperf: In function 'aliases_lookup':
lib/aliases.gperf:375: warning: visibility attribute not supported in this configuration; ignored
./iconv.c: In function 'aliases2_lookup':
./iconv.c:187: warning: visibility attribute not supported in this configuration; ignored
libtool: compile:  i686-pc-mingw32-gcc -I. -I. -I../include -I./../include -I.. -I./.. -I/srv/win32builder/fixed_364/build/win32/include -I/srv/win32builder/fixed_364/build/win32/include -fvisibility=hidden -DLIBDIR=\"/srv/win32builder/fixed_364/build/win32/lib\" -DBUILDING_LIBICONV -DBUILDING_DLL -DENABLE_RELOCATABLE=1 -DIN_LIBRARY -DINSTALLDIR=\"/srv/win32builder/fixed_364/build/win32/lib\" -DNO_XMALLOC -Dset_relocation_prefix=libiconv_set_relocation_prefix -Drelocate=libiconv_relocate -DHAVE_CONFIG_H -c ./iconv.c -o iconv.o >/dev/null 2>&1
/bin/sh ../libtool --mode=compile i686-pc-mingw32-gcc -I. -I. -I../include -I./../include -I.. -I./.. -I/srv/win32builder/fixed_364/build/win32/include -I/srv/win32builder/fixed_364/build/win32/include -fvisibility=hidden -DLIBDIR=\"/srv/win32builder/fixed_364/build/win32/lib\" -DBUILDING_LIBICONV -DBUILDING_DLL -DENABLE_RELOCATABLE=1 -DIN_LIBRARY -DINSTALLDIR=\"/srv/win32builder/fixed_364/build/win32/lib\" -DNO_XMALLOC -Dset_relocation_prefix=libiconv_set_relocation_prefix -Drelocate=libiconv_relocate -DHAVE_CONFIG_H -c ./../libcharset/lib/localcharset.c
libtool: compile:  i686-pc-mingw32-gcc -I. -I. -I../include -I./../include -I.. -I./.. -I/srv/win32builder/fixed_364/build/win32/include -I/srv/win32builder/fixed_364/build/win32/include -fvisibility=hidden -DLIBDIR=\"/srv/win32builder/fixed_364/build/win32/lib\" -DBUILDING_LIBICONV -DBUILDING_DLL -DENABLE_RELOCATABLE=1 -DIN_LIBRARY -DINSTALLDIR=\"/srv/win32builder/fixed_364/build/win32/lib\" -DNO_XMALLOC -Dset_relocation_prefix=libiconv_set_relocation_prefix -Drelocate=libiconv_relocate -DHAVE_CONFIG_H -c ./../libcharset/lib/localcharset.c  -DDLL_EXPORT -DPIC -o .libs/localcharset.o
./../libcharset/lib/localcharset.c: In function 'locale_charset':
./../libcharset/lib/localcharset.c:500: warning: visibility attribute not supported in this configuration; ignored
libtool: compile:  i686-pc-mingw32-gcc -I. -I. -I../include -I./../include -I.. -I./.. -I/srv/win32builder/fixed_364/build/win32/include -I/srv/win32builder/fixed_364/build/win32/include -fvisibility=hidden -DLIBDIR=\"/srv/win32builder/fixed_364/build/win32/lib\" -DBUILDING_LIBICONV -DBUILDING_DLL -DENABLE_RELOCATABLE=1 -DIN_LIBRARY -DINSTALLDIR=\"/srv/win32builder/fixed_364/build/win32/lib\" -DNO_XMALLOC -Dset_relocation_prefix=libiconv_set_relocation_prefix -Drelocate=libiconv_relocate -DHAVE_CONFIG_H -c ./../libcharset/lib/localcharset.c -o localcharset.o >/dev/null 2>&1
/bin/sh ../libtool --mode=compile i686-pc-mingw32-gcc -I. -I. -I../include -I./../include -I.. -I./.. -I/srv/win32builder/fixed_364/build/win32/include -I/srv/win32builder/fixed_364/build/win32/include -fvisibility=hidden -DLIBDIR=\"/srv/win32builder/fixed_364/build/win32/lib\" -DBUILDING_LIBICONV -DBUILDING_DLL -DENABLE_RELOCATABLE=1 -DIN_LIBRARY -DINSTALLDIR=\"/srv/win32builder/fixed_364/build/win32/lib\" -DNO_XMALLOC -Dset_relocation_prefix=libiconv_set_relocation_prefix -Drelocate=libiconv_relocate -DHAVE_CONFIG_H -c ./relocatable.c
libtool: compile:  i686-pc-mingw32-gcc -I. -I. -I../include -I./../include -I.. -I./.. -I/srv/win32builder/fixed_364/build/win32/include -I/srv/win32builder/fixed_364/build/win32/include -fvisibility=hidden -DLIBDIR=\"/srv/win32builder/fixed_364/build/win32/lib\" -DBUILDING_LIBICONV -DBUILDING_DLL -DENABLE_RELOCATABLE=1 -DIN_LIBRARY -DINSTALLDIR=\"/srv/win32builder/fixed_364/build/win32/lib\" -DNO_XMALLOC -Dset_relocation_prefix=libiconv_set_relocation_prefix -Drelocate=libiconv_relocate -DHAVE_CONFIG_H -c ./relocatable.c  -DDLL_EXPORT -DPIC -o .libs/relocatable.o
./relocatable.c: In function 'DllMain':
./relocatable.c:328: warning: visibility attribute not supported in this configuration; ignored
./relocatable.c: In function 'libiconv_relocate':
./relocatable.c:466: warning: visibility attribute not supported in this configuration; ignored
libtool: compile:  i686-pc-mingw32-gcc -I. -I. -I../include -I./../include -I.. -I./.. -I/srv/win32builder/fixed_364/build/win32/include -I/srv/win32builder/fixed_364/build/win32/include -fvisibility=hidden -DLIBDIR=\"/srv/win32builder/fixed_364/build/win32/lib\" -DBUILDING_LIBICONV -DBUILDING_DLL -DENABLE_RELOCATABLE=1 -DIN_LIBRARY -DINSTALLDIR=\"/srv/win32builder/fixed_364/build/win32/lib\" -DNO_XMALLOC -Dset_relocation_prefix=libiconv_set_relocation_prefix -Drelocate=libiconv_relocate -DHAVE_CONFIG_H -c ./relocatable.c -o relocatable.o >/dev/null 2>&1
/bin/sh ../libtool --mode=compile i686-pc-mingw32-gcc -I. -I. -I../include -I./../include -I.. -I./.. -I/srv/win32builder/fixed_364/build/win32/include -I/srv/win32builder/fixed_364/build/win32/include -fvisibility=hidden -DLIBDIR=\"/srv/win32builder/fixed_364/build/win32/lib\" -DBUILDING_LIBICONV -DBUILDING_DLL -DENABLE_RELOCATABLE=1 -DIN_LIBRARY -DINSTALLDIR=\"/srv/win32builder/fixed_364/build/win32/lib\" -DNO_XMALLOC -Dset_relocation_prefix=libiconv_set_relocation_prefix -Drelocate=libiconv_relocate -DHAVE_CONFIG_H -c ./../woe32dll/iconv-exports.c
libtool: compile:  i686-pc-mingw32-gcc -I. -I. -I../include -I./../include -I.. -I./.. -I/srv/win32builder/fixed_364/build/win32/include -I/srv/win32builder/fixed_364/build/win32/include -fvisibility=hidden -DLIBDIR=\"/srv/win32builder/fixed_364/build/win32/lib\" -DBUILDING_LIBICONV -DBUILDING_DLL -DENABLE_RELOCATABLE=1 -DIN_LIBRARY -DINSTALLDIR=\"/srv/win32builder/fixed_364/build/win32/lib\" -DNO_XMALLOC -Dset_relocation_prefix=libiconv_set_relocation_prefix -Drelocate=libiconv_relocate -DHAVE_CONFIG_H -c ./../woe32dll/iconv-exports.c  -DDLL_EXPORT -DPIC -o .libs/iconv-exports.o
./../woe32dll/iconv-exports.c:20: warning: visibility attribute not supported in this configuration; ignored
libtool: compile:  i686-pc-mingw32-gcc -I. -I. -I../include -I./../include -I.. -I./.. -I/srv/win32builder/fixed_364/build/win32/include -I/srv/win32builder/fixed_364/build/win32/include -fvisibility=hidden -DLIBDIR=\"/srv/win32builder/fixed_364/build/win32/lib\" -DBUILDING_LIBICONV -DBUILDING_DLL -DENABLE_RELOCATABLE=1 -DIN_LIBRARY -DINSTALLDIR=\"/srv/win32builder/fixed_364/build/win32/lib\" -DNO_XMALLOC -Dset_relocation_prefix=libiconv_set_relocation_prefix -Drelocate=libiconv_relocate -DHAVE_CONFIG_H -c ./../woe32dll/iconv-exports.c -o iconv-exports.o >/dev/null 2>&1
/bin/sh ../libtool --mode=compile --tag=RC i686-pc-mingw32-windres `/bin/sh ./../windows/windres-options --escape 1.13.1` -i ./../windows/libiconv.rc -o libiconv.res.lo --output-format=coff
libtool: compile:  i686-pc-mingw32-windres -DPACKAGE_VERSION_STRING=\\\"1.13.1\\\" -DPACKAGE_VERSION_MAJOR=1 -DPACKAGE_VERSION_MINOR=13 -DPACKAGE_VERSION_SUBMINOR=1 -i ./../windows/libiconv.rc --output-format=coff  -o .libs/libiconv.res.o
libtool: compile:  i686-pc-mingw32-windres -DPACKAGE_VERSION_STRING=\\\"1.13.1\\\" -DPACKAGE_VERSION_MAJOR=1 -DPACKAGE_VERSION_MINOR=13 -DPACKAGE_VERSION_SUBMINOR=1 -i ./../windows/libiconv.rc --output-format=coff -o libiconv.res.o >/dev/null 2>&1
/bin/sh ../libtool --mode=link i686-pc-mingw32-gcc -L/srv/win32builder/fixed_364/build/win32/lib -Wl,--export-all-symbols -I/srv/win32builder/fixed_364/build/win32/include -fvisibility=hidden -o libiconv.la -rpath /srv/win32builder/fixed_364/build/win32/lib -version-info 7:0:5 -no-undefined iconv.lo localcharset.lo relocatable.lo iconv-exports.lo libiconv.res.lo
libtool: link: i686-pc-mingw32-gcc -shared  .libs/iconv.o .libs/localcharset.o .libs/relocatable.o .libs/iconv-exports.o .libs/libiconv.res.o   -L/srv/win32builder/fixed_364/build/win32/lib  -Wl,--export-all-symbols   -o .libs/libiconv-2.dll -Wl,--enable-auto-image-base -Xlinker --out-implib -Xlinker .libs/libiconv.dll.a
Creating library file: .libs/libiconv.dll.a
libtool: link: i686-pc-mingw32-ar cru .libs/libiconv.a  iconv.o localcharset.o relocatable.o iconv-exports.o libiconv.res.o
libtool: link: i686-pc-mingw32-ranlib .libs/libiconv.a
libtool: link: ( cd ".libs" && rm -f "libiconv.la" && ln -s "../libiconv.la" "libiconv.la" )
make[1]: Leaving directory `/srv/win32builder/fixed_364/libs/01_libiconv/libiconv-1.13.1/lib'
cd preload && make all
make[1]: Entering directory `/srv/win32builder/fixed_364/libs/01_libiconv/libiconv-1.13.1/preload'
make[1]: Nothing to be done for `all'.
make[1]: Leaving directory `/srv/win32builder/fixed_364/libs/01_libiconv/libiconv-1.13.1/preload'
cd srclib && make all
make[1]: Entering directory `/srv/win32builder/fixed_364/libs/01_libiconv/libiconv-1.13.1/srclib'
{ echo '/* DO NOT EDIT! GENERATED AUTOMATICALLY! */'; \
	  cat ./alloca.in.h; \
	} > alloca.h-t
mv -f alloca.h-t alloca.h
rm -f errno.h-t errno.h
{ echo '/* DO NOT EDIT! GENERATED AUTOMATICALLY! */' && \
	  sed -e 's|@''INCLUDE_NEXT''@|include_next|g' \
	      -e 's|@''PRAGMA_SYSTEM_HEADER''@|#pragma GCC system_header|g' \
	      -e 's|@''NEXT_ERRNO_H''@|<errno.h>|g' \
	      -e 's|@''EMULTIHOP_HIDDEN''@|0|g' \
	      -e 's|@''EMULTIHOP_VALUE''@||g' \
	      -e 's|@''ENOLINK_HIDDEN''@|0|g' \
	      -e 's|@''ENOLINK_VALUE''@||g' \
	      -e 's|@''EOVERFLOW_HIDDEN''@|0|g' \
	      -e 's|@''EOVERFLOW_VALUE''@||g' \
	      < ./errno.in.h; \
	} > errno.h-t
mv errno.h-t errno.h
rm -f signal.h-t signal.h
{ echo '/* DO NOT EDIT! GENERATED AUTOMATICALLY! */' && \
	  sed -e 's|@''INCLUDE_NEXT''@|include_next|g' \
	      -e 's|@''PRAGMA_SYSTEM_HEADER''@|#pragma GCC system_header|g' \
	      -e 's|@''NEXT_SIGNAL_H''@|<signal.h>|g' \
	      -e 's|@''GNULIB_SIGNAL_H_SIGPIPE''@|1|g' \
	      -e 's|@''GNULIB_SIGPROCMASK''@|1|g' \
	      -e 's|@''GNULIB_SIGACTION''@|0|g' \
	      -e 's|@''HAVE_POSIX_SIGNALBLOCKING''@|0|g' \
	      -e 's|@''HAVE_SIGSET_T''@|1|g' \
	      -e 's|@''HAVE_SIGINFO_T''@|1|g' \
	      -e 's|@''HAVE_SIGACTION''@|1|g' \
	      -e 's|@''HAVE_STRUCT_SIGACTION_SA_SIGACTION''@|1|g' \
	      -e 's|@''HAVE_TYPE_VOLATILE_SIG_ATOMIC_T''@|1|g' \
	      -e '/definition of GL_LINK_WARNING/r ../build-aux/link-warning.h' \
	      < ./signal.in.h; \
	} > signal.h-t
mv signal.h-t signal.h
rm -f stdio.h-t stdio.h
{ echo '/* DO NOT EDIT! GENERATED AUTOMATICALLY! */' && \
	  sed -e 's|@''INCLUDE_NEXT''@|include_next|g' \
	      -e 's|@''PRAGMA_SYSTEM_HEADER''@|#pragma GCC system_header|g' \
	      -e 's|@''NEXT_STDIO_H''@|<stdio.h>|g' \
	      -e 's|@''GNULIB_FPRINTF''@|1|g' \
	      -e 's|@''GNULIB_FPRINTF_POSIX''@|0|g' \
	      -e 's|@''GNULIB_PRINTF''@|1|g' \
	      -e 's|@''GNULIB_PRINTF_POSIX''@|0|g' \
	      -e 's|@''GNULIB_SNPRINTF''@|0|g' \
	      -e 's|@''GNULIB_SPRINTF_POSIX''@|0|g' \
	      -e 's|@''GNULIB_VFPRINTF''@|1|g' \
	      -e 's|@''GNULIB_VFPRINTF_POSIX''@|0|g' \
	      -e 's|@''GNULIB_VPRINTF''@|1|g' \
	      -e 's|@''GNULIB_VPRINTF_POSIX''@|0|g' \
	      -e 's|@''GNULIB_VSNPRINTF''@|0|g' \
	      -e 's|@''GNULIB_VSPRINTF_POSIX''@|0|g' \
	      -e 's|@''GNULIB_DPRINTF''@|0|g' \
	      -e 's|@''GNULIB_VDPRINTF''@|0|g' \
	      -e 's|@''GNULIB_VASPRINTF''@|0|g' \
	      -e 's|@''GNULIB_OBSTACK_PRINTF''@|0|g' \
	      -e 's|@''GNULIB_OBSTACK_PRINTF_POSIX''@|0|g' \
	      -e 's|@''GNULIB_FOPEN''@|0|g' \
	      -e 's|@''GNULIB_FREOPEN''@|0|g' \
	      -e 's|@''GNULIB_FSEEK''@|0|g' \
	      -e 's|@''GNULIB_FSEEKO''@|0|g' \
	      -e 's|@''GNULIB_FTELL''@|0|g' \
	      -e 's|@''GNULIB_FTELLO''@|0|g' \
	      -e 's|@''GNULIB_FFLUSH''@|0|g' \
	      -e 's|@''GNULIB_FPURGE''@|0|g' \
	      -e 's|@''GNULIB_FCLOSE''@|0|g' \
	      -e 's|@''GNULIB_FPUTC''@|1|g' \
	      -e 's|@''GNULIB_PUTC''@|1|g' \
	      -e 's|@''GNULIB_PUTCHAR''@|1|g' \
	      -e 's|@''GNULIB_FPUTS''@|1|g' \
	      -e 's|@''GNULIB_PUTS''@|1|g' \
	      -e 's|@''GNULIB_FWRITE''@|1|g' \
	      -e 's|@''GNULIB_GETDELIM''@|0|g' \
	      -e 's|@''GNULIB_GETLINE''@|0|g' \
	      -e 's|@''GNULIB_PERROR''@|0|g' \
	      -e 's|@''GNULIB_STDIO_H_SIGPIPE''@|1|g' \
	      -e 's|@''REPLACE_STDIO_WRITE_FUNCS''@|1|g' \
	      -e 's|@''REPLACE_FPRINTF''@|0|g' \
	      -e 's|@''REPLACE_VFPRINTF''@|0|g' \
	      -e 's|@''REPLACE_PRINTF''@|0|g' \
	      -e 's|@''REPLACE_VPRINTF''@|0|g' \
	      -e 's|@''REPLACE_SNPRINTF''@|0|g' \
	      -e 's|@''HAVE_DECL_SNPRINTF''@|1|g' \
	      -e 's|@''REPLACE_VSNPRINTF''@|0|g' \
	      -e 's|@''HAVE_DECL_VSNPRINTF''@|1|g' \
	      -e 's|@''REPLACE_SPRINTF''@|0|g' \
	      -e 's|@''REPLACE_VSPRINTF''@|0|g' \
	      -e 's|@''HAVE_DPRINTF''@|1|g' \
	      -e 's|@''REPLACE_DPRINTF''@|0|g' \
	      -e 's|@''HAVE_VDPRINTF''@|1|g' \
	      -e 's|@''REPLACE_VDPRINTF''@|0|g' \
	      -e 's|@''HAVE_VASPRINTF''@|1|g' \
	      -e 's|@''REPLACE_VASPRINTF''@|0|g' \
	      -e 's|@''HAVE_DECL_OBSTACK_PRINTF''@|1|g' \
	      -e 's|@''REPLACE_OBSTACK_PRINTF''@|0|g' \
	      -e 's|@''REPLACE_FOPEN''@|0|g' \
	      -e 's|@''REPLACE_FREOPEN''@|0|g' \
	      -e 's|@''REPLACE_FSEEKO''@|0|g' \
	      -e 's|@''REPLACE_FSEEK''@|0|g' \
	      -e 's|@''REPLACE_FTELLO''@|0|g' \
	      -e 's|@''REPLACE_FTELL''@|0|g' \
	      -e 's|@''REPLACE_FFLUSH''@|0|g' \
	      -e 's|@''REPLACE_FPURGE''@|0|g' \
	      -e 's|@''HAVE_DECL_FPURGE''@|1|g' \
	      -e 's|@''REPLACE_FCLOSE''@|0|g' \
	      -e 's|@''HAVE_DECL_GETDELIM''@|1|g' \
	      -e 's|@''HAVE_DECL_GETLINE''@|1|g' \
	      -e 's|@''REPLACE_GETLINE''@|0|g' \
	      -e 's|@''REPLACE_PERROR''@|0|g' \
	      -e '/definition of GL_LINK_WARNING/r ../build-aux/link-warning.h' \
	      < ./stdio.in.h; \
	} > stdio.h-t
mv stdio.h-t stdio.h
rm -f stdlib.h-t stdlib.h
{ echo '/* DO NOT EDIT! GENERATED AUTOMATICALLY! */' && \
	  sed -e 's|@''INCLUDE_NEXT''@|include_next|g' \
	      -e 's|@''PRAGMA_SYSTEM_HEADER''@|#pragma GCC system_header|g' \
	      -e 's|@''NEXT_STDLIB_H''@|<stdlib.h>|g' \
	      -e 's|@''HAVE_RANDOM_H''@|0|g' \
	      -e 's|@''GNULIB_MALLOC_POSIX''@|1|g' \
	      -e 's|@''GNULIB_REALLOC_POSIX''@|0|g' \
	      -e 's|@''GNULIB_CALLOC_POSIX''@|0|g' \
	      -e 's|@''GNULIB_ATOLL''@|0|g' \
	      -e 's|@''GNULIB_GETLOADAVG''@|0|g' \
	      -e 's|@''GNULIB_GETSUBOPT''@|0|g' \
	      -e 's|@''GNULIB_MKDTEMP''@|0|g' \
	      -e 's|@''GNULIB_MKSTEMP''@|0|g' \
	      -e 's|@''GNULIB_PUTENV''@|0|g' \
	      -e 's|@''GNULIB_RANDOM_R''@|0|g' \
	      -e 's|@''GNULIB_RPMATCH''@|0|g' \
	      -e 's|@''GNULIB_SETENV''@|0|g' \
	      -e 's|@''GNULIB_STRTOD''@|0|g' \
	      -e 's|@''GNULIB_STRTOLL''@|0|g' \
	      -e 's|@''GNULIB_STRTOULL''@|0|g' \
	      -e 's|@''GNULIB_UNSETENV''@|0|g' \
	      -e 's|@''HAVE_ATOLL''@|1|g' \
	      -e 's|@''HAVE_CALLOC_POSIX''@|1|g' \
	      -e 's|@''HAVE_GETSUBOPT''@|1|g' \
	      -e 's|@''HAVE_MALLOC_POSIX''@|0|g' \
	      -e 's|@''HAVE_MKDTEMP''@|1|g' \
	      -e 's|@''HAVE_REALLOC_POSIX''@|1|g' \
	      -e 's|@''HAVE_RANDOM_R''@|1|g' \
	      -e 's|@''HAVE_RPMATCH''@|1|g' \
	      -e 's|@''HAVE_SETENV''@|0|g' \
	      -e 's|@''HAVE_STRTOD''@|1|g' \
	      -e 's|@''HAVE_STRTOLL''@|1|g' \
	      -e 's|@''HAVE_STRTOULL''@|1|g' \
	      -e 's|@''HAVE_STRUCT_RANDOM_DATA''@|0|g' \
	      -e 's|@''HAVE_SYS_LOADAVG_H''@|0|g' \
	      -e 's|@''HAVE_UNSETENV''@|1|g' \
	      -e 's|@''HAVE_DECL_GETLOADAVG''@|1|g' \
	      -e 's|@''REPLACE_MKSTEMP''@|0|g' \
	      -e 's|@''REPLACE_PUTENV''@|0|g' \
	      -e 's|@''REPLACE_STRTOD''@|0|g' \
	      -e 's|@''VOID_UNSETENV''@|0|g' \
	      -e '/definition of GL_LINK_WARNING/r ../build-aux/link-warning.h' \
	      < ./stdlib.in.h; \
	} > stdlib.h-t
mv stdlib.h-t stdlib.h
rm -f string.h-t string.h
{ echo '/* DO NOT EDIT! GENERATED AUTOMATICALLY! */' && \
	  sed -e 's|@''INCLUDE_NEXT''@|include_next|g' \
	      -e 's|@''PRAGMA_SYSTEM_HEADER''@|#pragma GCC system_header|g' \
	      -e 's|@''NEXT_STRING_H''@|<string.h>|g' \
	      -e 's|@''GNULIB_MBSLEN''@|0|g' \
	      -e 's|@''GNULIB_MBSNLEN''@|0|g' \
	      -e 's|@''GNULIB_MBSCHR''@|0|g' \
	      -e 's|@''GNULIB_MBSRCHR''@|0|g' \
	      -e 's|@''GNULIB_MBSSTR''@|0|g' \
	      -e 's|@''GNULIB_MBSCASECMP''@|0|g' \
	      -e 's|@''GNULIB_MBSNCASECMP''@|0|g' \
	      -e 's|@''GNULIB_MBSPCASECMP''@|0|g' \
	      -e 's|@''GNULIB_MBSCASESTR''@|0|g' \
	      -e 's|@''GNULIB_MBSCSPN''@|0|g' \
	      -e 's|@''GNULIB_MBSPBRK''@|0|g' \
	      -e 's|@''GNULIB_MBSSPN''@|0|g' \
	      -e 's|@''GNULIB_MBSSEP''@|0|g' \
	      -e 's|@''GNULIB_MBSTOK_R''@|0|g' \
	      -e 's|@''GNULIB_MEMCHR''@|0|g' \
	      -e 's|@''GNULIB_MEMMEM''@|0|g' \
	      -e 's|@''GNULIB_MEMPCPY''@|0|g' \
	      -e 's|@''GNULIB_MEMRCHR''@|0|g' \
	      -e 's|@''GNULIB_RAWMEMCHR''@|0|g' \
	      -e 's|@''GNULIB_STPCPY''@|0|g' \
	      -e 's|@''GNULIB_STPNCPY''@|0|g' \
	      -e 's|@''GNULIB_STRCHRNUL''@|0|g' \
	      -e 's|@''GNULIB_STRDUP''@|0|g' \
	      -e 's|@''GNULIB_STRNDUP''@|0|g' \
	      -e 's|@''GNULIB_STRNLEN''@|0|g' \
	      -e 's|@''GNULIB_STRPBRK''@|0|g' \
	      -e 's|@''GNULIB_STRSEP''@|0|g' \
	      -e 's|@''GNULIB_STRSTR''@|0|g' \
	      -e 's|@''GNULIB_STRCASESTR''@|0|g' \
	      -e 's|@''GNULIB_STRTOK_R''@|0|g' \
	      -e 's|@''GNULIB_STRERROR''@|1|g' \
	      -e 's|@''GNULIB_STRSIGNAL''@|0|g' \
	      -e 's|@''GNULIB_STRVERSCMP''@|0|g' \
	      -e 's|@''HAVE_DECL_MEMMEM''@|1|g' \
	      -e 's|@''HAVE_MEMPCPY''@|1|g' \
	      -e 's|@''HAVE_DECL_MEMRCHR''@|1|g' \
	      -e 's|@''HAVE_RAWMEMCHR''@|1|g' \
	      -e 's|@''HAVE_STPCPY''@|1|g' \
	      -e 's|@''HAVE_STPNCPY''@|1|g' \
	      -e 's|@''HAVE_STRCHRNUL''@|1|g' \
	      -e 's|@''HAVE_DECL_STRDUP''@|1|g' \
	      -e 's|@''HAVE_STRNDUP''@|1|g' \
	      -e 's|@''HAVE_DECL_STRNDUP''@|1|g' \
	      -e 's|@''HAVE_DECL_STRNLEN''@|1|g' \
	      -e 's|@''HAVE_STRPBRK''@|1|g' \
	      -e 's|@''HAVE_STRSEP''@|1|g' \
	      -e 's|@''HAVE_STRCASESTR''@|1|g' \
	      -e 's|@''HAVE_DECL_STRTOK_R''@|1|g' \
	      -e 's|@''HAVE_DECL_STRERROR''@|1|g' \
	      -e 's|@''HAVE_DECL_STRSIGNAL''@|1|g' \
	      -e 's|@''HAVE_STRVERSCMP''@|1|g' \
	      -e 's|@''REPLACE_MEMCHR''@|0|g' \
	      -e 's|@''REPLACE_MEMMEM''@|0|g' \
	      -e 's|@''REPLACE_STRCASESTR''@|0|g' \
	      -e 's|@''REPLACE_STRDUP''@|0|g' \
	      -e 's|@''REPLACE_STRSTR''@|0|g' \
	      -e 's|@''REPLACE_STRERROR''@|1|g' \
	      -e 's|@''REPLACE_STRSIGNAL''@|0|g' \
	      -e '/definition of GL_LINK_WARNING/r ../build-aux/link-warning.h' \
	      < ./string.in.h; \
	} > string.h-t
mv string.h-t string.h
rm -f unistd.h-t unistd.h
{ echo '/* DO NOT EDIT! GENERATED AUTOMATICALLY! */'; \
	  sed -e 's|@''HAVE_UNISTD_H''@|1|g' \
	      -e 's|@''INCLUDE_NEXT''@|include_next|g' \
	      -e 's|@''PRAGMA_SYSTEM_HEADER''@|#pragma GCC system_header|g' \
	      -e 's|@''NEXT_UNISTD_H''@|<unistd.h>|g' \
	      -e 's|@''GNULIB_CHOWN''@|0|g' \
	      -e 's|@''GNULIB_CLOSE''@|0|g' \
	      -e 's|@''GNULIB_DUP2''@|0|g' \
	      -e 's|@''GNULIB_ENVIRON''@|1|g' \
	      -e 's|@''GNULIB_EUIDACCESS''@|0|g' \
	      -e 's|@''GNULIB_FCHDIR''@|0|g' \
	      -e 's|@''GNULIB_FSYNC''@|0|g' \
	      -e 's|@''GNULIB_FTRUNCATE''@|0|g' \
	      -e 's|@''GNULIB_GETCWD''@|0|g' \
	      -e 's|@''GNULIB_GETDOMAINNAME''@|0|g' \
	      -e 's|@''GNULIB_GETDTABLESIZE''@|0|g' \
	      -e 's|@''GNULIB_GETHOSTNAME''@|0|g' \
	      -e 's|@''GNULIB_GETLOGIN_R''@|0|g' \
	      -e 's|@''GNULIB_GETPAGESIZE''@|0|g' \
	      -e 's|@''GNULIB_GETUSERSHELL''@|0|g' \
	      -e 's|@''GNULIB_LCHOWN''@|0|g' \
	      -e 's|@''GNULIB_LINK''@|0|g' \
	      -e 's|@''GNULIB_LSEEK''@|0|g' \
	      -e 's|@''GNULIB_READLINK''@|1|g' \
	      -e 's|@''GNULIB_SLEEP''@|0|g' \
	      -e 's|@''GNULIB_UNISTD_H_SIGPIPE''@|1|g' \
	      -e 's|@''GNULIB_WRITE''@|0|g' \
	      -e 's|@''HAVE_DUP2''@|1|g' \
	      -e 's|@''HAVE_EUIDACCESS''@|1|g' \
	      -e 's|@''HAVE_FSYNC''@|1|g' \
	      -e 's|@''HAVE_FTRUNCATE''@|1|g' \
	      -e 's|@''HAVE_GETDOMAINNAME''@|1|g' \
	      -e 's|@''HAVE_GETDTABLESIZE''@|1|g' \
	      -e 's|@''HAVE_GETHOSTNAME''@|1|g' \
	      -e 's|@''HAVE_GETPAGESIZE''@|1|g' \
	      -e 's|@''HAVE_GETUSERSHELL''@|1|g' \
	      -e 's|@''HAVE_LINK''@|1|g' \
	      -e 's|@''HAVE_READLINK''@|0|g' \
	      -e 's|@''HAVE_SLEEP''@|1|g' \
	      -e 's|@''HAVE_DECL_ENVIRON''@|0|g' \
	      -e 's|@''HAVE_DECL_GETLOGIN_R''@|1|g' \
	      -e 's|@''HAVE_OS_H''@|0|g' \
	      -e 's|@''HAVE_SYS_PARAM_H''@|0|g' \
	      -e 's|@''REPLACE_CHOWN''@|0|g' \
	      -e 's|@''REPLACE_CLOSE''@|0|g' \
	      -e 's|@''REPLACE_FCHDIR''@|0|g' \
	      -e 's|@''REPLACE_GETCWD''@|0|g' \
	      -e 's|@''REPLACE_GETPAGESIZE''@|0|g' \
	      -e 's|@''REPLACE_LCHOWN''@|0|g' \
	      -e 's|@''REPLACE_LSEEK''@|0|g' \
	      -e 's|@''REPLACE_WRITE''@|0|g' \
	      -e 's|@''UNISTD_H_HAVE_WINSOCK2_H''@|0|g' \
	      -e '/definition of GL_LINK_WARNING/r ../build-aux/link-warning.h' \
	      < ./unistd.in.h; \
	} > unistd.h-t
mv unistd.h-t unistd.h
make  all-am
make[2]: Entering directory `/srv/win32builder/fixed_364/libs/01_libiconv/libiconv-1.13.1/srclib'
i686-pc-mingw32-gcc -DHAVE_CONFIG_H -DEXEEXT=\".exe\" -I. -I.. -I../lib  -I../intl -DDEPENDS_ON_LIBICONV=1 -DDEPENDS_ON_LIBINTL=1 -I/srv/win32builder/fixed_364/build/win32/include  -I/srv/win32builder/fixed_364/build/win32/include -c areadlink.c
i686-pc-mingw32-gcc -DHAVE_CONFIG_H -DEXEEXT=\".exe\" -I. -I.. -I../lib  -I../intl -DDEPENDS_ON_LIBICONV=1 -DDEPENDS_ON_LIBINTL=1 -I/srv/win32builder/fixed_364/build/win32/include  -I/srv/win32builder/fixed_364/build/win32/include -c malloca.c
i686-pc-mingw32-gcc -DHAVE_CONFIG_H -DEXEEXT=\".exe\" -I. -I.. -I../lib  -I../intl -DDEPENDS_ON_LIBICONV=1 -DDEPENDS_ON_LIBINTL=1 -I/srv/win32builder/fixed_364/build/win32/include  -I/srv/win32builder/fixed_364/build/win32/include -c progname.c
i686-pc-mingw32-gcc -DHAVE_CONFIG_H -DEXEEXT=\".exe\" -I. -I.. -I../lib  -I../intl -DDEPENDS_ON_LIBICONV=1 -DDEPENDS_ON_LIBINTL=1 -I/srv/win32builder/fixed_364/build/win32/include  -I/srv/win32builder/fixed_364/build/win32/include -c -o width.o `test -f 'uniwidth/width.c' || echo './'`uniwidth/width.c
i686-pc-mingw32-gcc -DHAVE_CONFIG_H -DEXEEXT=\".exe\" -I. -I.. -I../lib  -I../intl -DDEPENDS_ON_LIBICONV=1 -DDEPENDS_ON_LIBINTL=1 -I/srv/win32builder/fixed_364/build/win32/include  -I/srv/win32builder/fixed_364/build/win32/include -c xmalloc.c
i686-pc-mingw32-gcc -DHAVE_CONFIG_H -DEXEEXT=\".exe\" -I. -I.. -I../lib  -I../intl -DDEPENDS_ON_LIBICONV=1 -DDEPENDS_ON_LIBINTL=1 -I/srv/win32builder/fixed_364/build/win32/include  -I/srv/win32builder/fixed_364/build/win32/include -c xstrdup.c
i686-pc-mingw32-gcc -DHAVE_CONFIG_H -DEXEEXT=\".exe\" -I. -I.. -I../lib  -I../intl -DDEPENDS_ON_LIBICONV=1 -DDEPENDS_ON_LIBINTL=1 -I/srv/win32builder/fixed_364/build/win32/include  -I/srv/win32builder/fixed_364/build/win32/include -c xreadlink.c
i686-pc-mingw32-gcc -DHAVE_CONFIG_H -DEXEEXT=\".exe\" -I. -I.. -I../lib  -I../intl -DDEPENDS_ON_LIBICONV=1 -DDEPENDS_ON_LIBINTL=1 -I/srv/win32builder/fixed_364/build/win32/include  -I/srv/win32builder/fixed_364/build/win32/include -c canonicalize-lgpl.c
i686-pc-mingw32-gcc -DHAVE_CONFIG_H -DEXEEXT=\".exe\" -I. -I.. -I../lib  -I../intl -DDEPENDS_ON_LIBICONV=1 -DDEPENDS_ON_LIBINTL=1 -I/srv/win32builder/fixed_364/build/win32/include  -I/srv/win32builder/fixed_364/build/win32/include -c error.c
i686-pc-mingw32-gcc -DHAVE_CONFIG_H -DEXEEXT=\".exe\" -I. -I.. -I../lib  -I../intl -DDEPENDS_ON_LIBICONV=1 -DDEPENDS_ON_LIBINTL=1 -I/srv/win32builder/fixed_364/build/win32/include  -I/srv/win32builder/fixed_364/build/win32/include -c malloc.c
i686-pc-mingw32-gcc -DHAVE_CONFIG_H -DEXEEXT=\".exe\" -I. -I.. -I../lib  -I../intl -DDEPENDS_ON_LIBICONV=1 -DDEPENDS_ON_LIBINTL=1 -I/srv/win32builder/fixed_364/build/win32/include  -I/srv/win32builder/fixed_364/build/win32/include -c readlink.c
i686-pc-mingw32-gcc -DHAVE_CONFIG_H -DEXEEXT=\".exe\" -I. -I.. -I../lib  -I../intl -DDEPENDS_ON_LIBICONV=1 -DDEPENDS_ON_LIBINTL=1 -I/srv/win32builder/fixed_364/build/win32/include  -I/srv/win32builder/fixed_364/build/win32/include -c sigprocmask.c
i686-pc-mingw32-gcc -DHAVE_CONFIG_H -DEXEEXT=\".exe\" -I. -I.. -I../lib  -I../intl -DDEPENDS_ON_LIBICONV=1 -DDEPENDS_ON_LIBINTL=1 -I/srv/win32builder/fixed_364/build/win32/include  -I/srv/win32builder/fixed_364/build/win32/include -c stdio-write.c
i686-pc-mingw32-gcc -DHAVE_CONFIG_H -DEXEEXT=\".exe\" -I. -I.. -I../lib  -I../intl -DDEPENDS_ON_LIBICONV=1 -DDEPENDS_ON_LIBINTL=1 -I/srv/win32builder/fixed_364/build/win32/include  -I/srv/win32builder/fixed_364/build/win32/include -c strerror.c
rm -f libicrt.a
i686-pc-mingw32-ar cru libicrt.a areadlink.o malloca.o progname.o width.o xmalloc.o xstrdup.o xreadlink.o canonicalize-lgpl.o error.o malloc.o readlink.o sigprocmask.o stdio-write.o strerror.o
i686-pc-mingw32-ranlib libicrt.a
make[2]: Leaving directory `/srv/win32builder/fixed_364/libs/01_libiconv/libiconv-1.13.1/srclib'
make[1]: Leaving directory `/srv/win32builder/fixed_364/libs/01_libiconv/libiconv-1.13.1/srclib'
cd src && make all
make[1]: Entering directory `/srv/win32builder/fixed_364/libs/01_libiconv/libiconv-1.13.1/src'
i686-pc-mingw32-gcc -c -I. -I. -I.. -I../include -I./../include -I../srclib -I./../srclib -I../lib -I/srv/win32builder/fixed_364/build/win32/include -I/srv/win32builder/fixed_364/build/win32/include -DINSTALLDIR=\"/srv/win32builder/fixed_364/build/win32/bin\" -DLOCALEDIR=\"/srv/win32builder/fixed_364/build/win32/share/locale\" ./iconv_no_i18n.c
i686-pc-mingw32-windres `/bin/sh ./../windows/windres-options --escape 1.13.1` -i ./../windows/iconv.rc -o iconv.res --output-format=coff
/bin/sh ../libtool --mode=link i686-pc-mingw32-gcc -L/srv/win32builder/fixed_364/build/win32/lib -I/srv/win32builder/fixed_364/build/win32/include iconv_no_i18n.o ../srclib/libicrt.a ../lib/libiconv.la iconv.res -o iconv_no_i18n
libtool: link: i686-pc-mingw32-gcc -I/srv/win32builder/fixed_364/build/win32/include iconv_no_i18n.o iconv.res -o .libs/iconv_no_i18n  -L/srv/win32builder/fixed_364/build/win32/lib ../srclib/libicrt.a ../lib/.libs/libiconv.dll.a -L/srv/win32builder/fixed_364/build/win32/lib
libtool: link: Could not determine host path corresponding to
libtool: link:   '/srv/win32builder/fixed_364/libs/01_libiconv/libiconv-1.13.1/lib/.libs'
libtool: link: Continuing, but uninstalled executables may not work.
libtool: link: Could not determine host path corresponding to
libtool: link:   '/srv/win32builder/fixed_364/build/win32/lib'
libtool: link: Continuing, but uninstalled executables may not work.
libtool: link: Could not determine host path corresponding to
libtool: link:   '/srv/win32builder/fixed_364/build/win32/bin'
libtool: link: Continuing, but uninstalled executables may not work.
libtool: link: Could not determine host path corresponding to
libtool: link:   '/srv/win32builder/fixed_364/libs/01_libiconv/libiconv-1.13.1/lib/.libs'
libtool: link: Continuing, but uninstalled executables may not work.
i686-pc-mingw32-gcc -c -I. -I. -I.. -I../include -I./../include -I../srclib -I./../srclib -I../lib -I/srv/win32builder/fixed_364/build/win32/include -I/srv/win32builder/fixed_364/build/win32/include -DINSTALLDIR=\"/srv/win32builder/fixed_364/build/win32/bin\" -DLOCALEDIR=\"/srv/win32builder/fixed_364/build/win32/share/locale\" ./iconv.c
test `ls -ld . | sed -e 's/^d\(.........\).*/\1/'` = rwxrwxrwx || chmod 777 .
make[1]: Leaving directory `/srv/win32builder/fixed_364/libs/01_libiconv/libiconv-1.13.1/src'
cd po && make all
make[1]: Entering directory `/srv/win32builder/fixed_364/libs/01_libiconv/libiconv-1.13.1/po'
make[1]: Leaving directory `/srv/win32builder/fixed_364/libs/01_libiconv/libiconv-1.13.1/po'
cd man && make all
make[1]: Entering directory `/srv/win32builder/fixed_364/libs/01_libiconv/libiconv-1.13.1/man'
make[1]: Nothing to be done for `all'.
make[1]: Leaving directory `/srv/win32builder/fixed_364/libs/01_libiconv/libiconv-1.13.1/man'
if test -d tests; then cd tests && make all; fi
make[1]: Entering directory `/srv/win32builder/fixed_364/libs/01_libiconv/libiconv-1.13.1/tests'
make[1]: Nothing to be done for `all'.
make[1]: Leaving directory `/srv/win32builder/fixed_364/libs/01_libiconv/libiconv-1.13.1/tests'
