Making install in pixman
make[1]: Entering directory `/srv/win32builder/fixed_364/libs/34_pixman/pixman-0.26.0/pixman'
make  install-am
make[2]: Entering directory `/srv/win32builder/fixed_364/libs/34_pixman/pixman-0.26.0/pixman'
make[3]: Entering directory `/srv/win32builder/fixed_364/libs/34_pixman/pixman-0.26.0/pixman'
test -z "/srv/win32builder/fixed_364/build/win32/lib" || /bin/mkdir -p "/srv/win32builder/fixed_364/build/win32/lib"
 /bin/sh ../libtool   --mode=install /usr/bin/install -c   libpixman-1.la '/srv/win32builder/fixed_364/build/win32/lib'
libtool: install: /usr/bin/install -c .libs/libpixman-1.dll.a /srv/win32builder/fixed_364/build/win32/lib/libpixman-1.dll.a
libtool: install: base_file=`basename libpixman-1.la`
libtool: install:  dlpath=`/bin/sh 2>&1 -c '. .libs/'libpixman-1.la'i; echo libpixman-1-0.dll'`
libtool: install:  dldir=/srv/win32builder/fixed_364/build/win32/lib/`dirname ../bin/libpixman-1-0.dll`
libtool: install:  test -d /srv/win32builder/fixed_364/build/win32/lib/../bin || mkdir -p /srv/win32builder/fixed_364/build/win32/lib/../bin
libtool: install:  /usr/bin/install -c .libs/libpixman-1-0.dll /srv/win32builder/fixed_364/build/win32/lib/../bin/libpixman-1-0.dll
libtool: install:  chmod a+x /srv/win32builder/fixed_364/build/win32/lib/../bin/libpixman-1-0.dll
libtool: install:  if test -n '' && test -n 'i686-pc-mingw32-strip --strip-unneeded'; then eval 'i686-pc-mingw32-strip --strip-unneeded /srv/win32builder/fixed_364/build/win32/lib/../bin/libpixman-1-0.dll' || exit 0; fi
libtool: install: /usr/bin/install -c .libs/libpixman-1.lai /srv/win32builder/fixed_364/build/win32/lib/libpixman-1.la
libtool: install: /usr/bin/install -c .libs/libpixman-1.a /srv/win32builder/fixed_364/build/win32/lib/libpixman-1.a
libtool: install: chmod 644 /srv/win32builder/fixed_364/build/win32/lib/libpixman-1.a
libtool: install: i686-pc-mingw32-ranlib /srv/win32builder/fixed_364/build/win32/lib/libpixman-1.a
test -z "/srv/win32builder/fixed_364/build/win32/include/pixman-1" || /bin/mkdir -p "/srv/win32builder/fixed_364/build/win32/include/pixman-1"
 /usr/bin/install -c -m 644 pixman.h pixman-version.h '/srv/win32builder/fixed_364/build/win32/include/pixman-1'
make[3]: Leaving directory `/srv/win32builder/fixed_364/libs/34_pixman/pixman-0.26.0/pixman'
make[2]: Leaving directory `/srv/win32builder/fixed_364/libs/34_pixman/pixman-0.26.0/pixman'
make[1]: Leaving directory `/srv/win32builder/fixed_364/libs/34_pixman/pixman-0.26.0/pixman'
Making install in demos
make[1]: Entering directory `/srv/win32builder/fixed_364/libs/34_pixman/pixman-0.26.0/demos'
make[2]: Entering directory `/srv/win32builder/fixed_364/libs/34_pixman/pixman-0.26.0/demos'
make[2]: Nothing to be done for `install-exec-am'.
make[2]: Nothing to be done for `install-data-am'.
make[2]: Leaving directory `/srv/win32builder/fixed_364/libs/34_pixman/pixman-0.26.0/demos'
make[1]: Leaving directory `/srv/win32builder/fixed_364/libs/34_pixman/pixman-0.26.0/demos'
Making install in test
make[1]: Entering directory `/srv/win32builder/fixed_364/libs/34_pixman/pixman-0.26.0/test'
make[2]: Entering directory `/srv/win32builder/fixed_364/libs/34_pixman/pixman-0.26.0/test'
make[2]: Nothing to be done for `install-exec-am'.
make[2]: Nothing to be done for `install-data-am'.
make[2]: Leaving directory `/srv/win32builder/fixed_364/libs/34_pixman/pixman-0.26.0/test'
make[1]: Leaving directory `/srv/win32builder/fixed_364/libs/34_pixman/pixman-0.26.0/test'
make[1]: Entering directory `/srv/win32builder/fixed_364/libs/34_pixman/pixman-0.26.0'
make[2]: Entering directory `/srv/win32builder/fixed_364/libs/34_pixman/pixman-0.26.0'
make[2]: Nothing to be done for `install-exec-am'.
test -z "/srv/win32builder/fixed_364/build/win32/lib/pkgconfig" || /bin/mkdir -p "/srv/win32builder/fixed_364/build/win32/lib/pkgconfig"
 /usr/bin/install -c -m 644 pixman-1.pc '/srv/win32builder/fixed_364/build/win32/lib/pkgconfig'
make[2]: Leaving directory `/srv/win32builder/fixed_364/libs/34_pixman/pixman-0.26.0'
make[1]: Leaving directory `/srv/win32builder/fixed_364/libs/34_pixman/pixman-0.26.0'
