Making install in po
make[1]: Entering directory `/srv/win32builder/fixed_364/libs/73_gnome-icon-theme/gnome-icon-theme-3.6.2/po'
linguas="af am an ar as ast az be be@latin bg bn bn_IN br bs ca ca@valencia crh cs csb cy da de dz el en_CA en_GB en@shaw eo es et eu fa fi fr fur fy ga gl gu he hi hr hu id is it ja ka kk km kn ko ku li lt lv mai mg mk ml mn mr ms nb nds ne nhn nl nn oc or pa pl ps pt pt_BR ro ru rw si sk sl sq sr sr@latin sv ta te th tk tr ug uk uz uz@cyrillic vi wa xh zh_CN zh_HK zh_TW "; \
	for lang in $linguas; do \
	  dir=/srv/win32builder/fixed_364/build/win32/lib/locale/$lang/LC_MESSAGES; \
	  /bin/sh /srv/win32builder/fixed_364/libs/73_gnome-icon-theme/gnome-icon-theme-3.6.2/install-sh -d $dir; \
	  if test -r $lang.gmo; then \
	    /usr/bin/install -c -m 644 $lang.gmo $dir/gnome-icon-theme.mo; \
	    echo "installing $lang.gmo as $dir/gnome-icon-theme.mo"; \
	  else \
	    /usr/bin/install -c -m 644 ./$lang.gmo $dir/gnome-icon-theme.mo; \
	    echo "installing ./$lang.gmo as" \
		 "$dir/gnome-icon-theme.mo"; \
	  fi; \
	  if test -r $lang.gmo.m; then \
	    /usr/bin/install -c -m 644 $lang.gmo.m $dir/gnome-icon-theme.mo.m; \
	    echo "installing $lang.gmo.m as $dir/gnome-icon-theme.mo.m"; \
	  else \
	    if test -r ./$lang.gmo.m ; then \
	      /usr/bin/install -c -m 644 ./$lang.gmo.m \
		$dir/gnome-icon-theme.mo.m; \
	      echo "installing ./$lang.gmo.m as" \
		   "$dir/gnome-icon-theme.mo.m"; \
	    else \
	      true; \
	    fi; \
	  fi; \
	done
installing af.gmo as /srv/win32builder/fixed_364/build/win32/lib/locale/af/LC_MESSAGES/gnome-icon-theme.mo
installing am.gmo as /srv/win32builder/fixed_364/build/win32/lib/locale/am/LC_MESSAGES/gnome-icon-theme.mo
installing an.gmo as /srv/win32builder/fixed_364/build/win32/lib/locale/an/LC_MESSAGES/gnome-icon-theme.mo
installing ar.gmo as /srv/win32builder/fixed_364/build/win32/lib/locale/ar/LC_MESSAGES/gnome-icon-theme.mo
installing as.gmo as /srv/win32builder/fixed_364/build/win32/lib/locale/as/LC_MESSAGES/gnome-icon-theme.mo
installing ast.gmo as /srv/win32builder/fixed_364/build/win32/lib/locale/ast/LC_MESSAGES/gnome-icon-theme.mo
installing az.gmo as /srv/win32builder/fixed_364/build/win32/lib/locale/az/LC_MESSAGES/gnome-icon-theme.mo
installing be.gmo as /srv/win32builder/fixed_364/build/win32/lib/locale/be/LC_MESSAGES/gnome-icon-theme.mo
installing be@latin.gmo as /srv/win32builder/fixed_364/build/win32/lib/locale/be@latin/LC_MESSAGES/gnome-icon-theme.mo
installing bg.gmo as /srv/win32builder/fixed_364/build/win32/lib/locale/bg/LC_MESSAGES/gnome-icon-theme.mo
installing bn.gmo as /srv/win32builder/fixed_364/build/win32/lib/locale/bn/LC_MESSAGES/gnome-icon-theme.mo
installing bn_IN.gmo as /srv/win32builder/fixed_364/build/win32/lib/locale/bn_IN/LC_MESSAGES/gnome-icon-theme.mo
installing br.gmo as /srv/win32builder/fixed_364/build/win32/lib/locale/br/LC_MESSAGES/gnome-icon-theme.mo
installing bs.gmo as /srv/win32builder/fixed_364/build/win32/lib/locale/bs/LC_MESSAGES/gnome-icon-theme.mo
installing ca.gmo as /srv/win32builder/fixed_364/build/win32/lib/locale/ca/LC_MESSAGES/gnome-icon-theme.mo
installing ca@valencia.gmo as /srv/win32builder/fixed_364/build/win32/lib/locale/ca@valencia/LC_MESSAGES/gnome-icon-theme.mo
installing crh.gmo as /srv/win32builder/fixed_364/build/win32/lib/locale/crh/LC_MESSAGES/gnome-icon-theme.mo
installing cs.gmo as /srv/win32builder/fixed_364/build/win32/lib/locale/cs/LC_MESSAGES/gnome-icon-theme.mo
installing csb.gmo as /srv/win32builder/fixed_364/build/win32/lib/locale/csb/LC_MESSAGES/gnome-icon-theme.mo
installing cy.gmo as /srv/win32builder/fixed_364/build/win32/lib/locale/cy/LC_MESSAGES/gnome-icon-theme.mo
installing da.gmo as /srv/win32builder/fixed_364/build/win32/lib/locale/da/LC_MESSAGES/gnome-icon-theme.mo
installing de.gmo as /srv/win32builder/fixed_364/build/win32/lib/locale/de/LC_MESSAGES/gnome-icon-theme.mo
installing dz.gmo as /srv/win32builder/fixed_364/build/win32/lib/locale/dz/LC_MESSAGES/gnome-icon-theme.mo
installing el.gmo as /srv/win32builder/fixed_364/build/win32/lib/locale/el/LC_MESSAGES/gnome-icon-theme.mo
installing en_CA.gmo as /srv/win32builder/fixed_364/build/win32/lib/locale/en_CA/LC_MESSAGES/gnome-icon-theme.mo
installing en_GB.gmo as /srv/win32builder/fixed_364/build/win32/lib/locale/en_GB/LC_MESSAGES/gnome-icon-theme.mo
installing en@shaw.gmo as /srv/win32builder/fixed_364/build/win32/lib/locale/en@shaw/LC_MESSAGES/gnome-icon-theme.mo
installing eo.gmo as /srv/win32builder/fixed_364/build/win32/lib/locale/eo/LC_MESSAGES/gnome-icon-theme.mo
installing es.gmo as /srv/win32builder/fixed_364/build/win32/lib/locale/es/LC_MESSAGES/gnome-icon-theme.mo
installing et.gmo as /srv/win32builder/fixed_364/build/win32/lib/locale/et/LC_MESSAGES/gnome-icon-theme.mo
installing eu.gmo as /srv/win32builder/fixed_364/build/win32/lib/locale/eu/LC_MESSAGES/gnome-icon-theme.mo
installing fa.gmo as /srv/win32builder/fixed_364/build/win32/lib/locale/fa/LC_MESSAGES/gnome-icon-theme.mo
installing fi.gmo as /srv/win32builder/fixed_364/build/win32/lib/locale/fi/LC_MESSAGES/gnome-icon-theme.mo
installing fr.gmo as /srv/win32builder/fixed_364/build/win32/lib/locale/fr/LC_MESSAGES/gnome-icon-theme.mo
installing fur.gmo as /srv/win32builder/fixed_364/build/win32/lib/locale/fur/LC_MESSAGES/gnome-icon-theme.mo
installing fy.gmo as /srv/win32builder/fixed_364/build/win32/lib/locale/fy/LC_MESSAGES/gnome-icon-theme.mo
installing ga.gmo as /srv/win32builder/fixed_364/build/win32/lib/locale/ga/LC_MESSAGES/gnome-icon-theme.mo
installing gl.gmo as /srv/win32builder/fixed_364/build/win32/lib/locale/gl/LC_MESSAGES/gnome-icon-theme.mo
installing gu.gmo as /srv/win32builder/fixed_364/build/win32/lib/locale/gu/LC_MESSAGES/gnome-icon-theme.mo
installing he.gmo as /srv/win32builder/fixed_364/build/win32/lib/locale/he/LC_MESSAGES/gnome-icon-theme.mo
installing hi.gmo as /srv/win32builder/fixed_364/build/win32/lib/locale/hi/LC_MESSAGES/gnome-icon-theme.mo
installing hr.gmo as /srv/win32builder/fixed_364/build/win32/lib/locale/hr/LC_MESSAGES/gnome-icon-theme.mo
installing hu.gmo as /srv/win32builder/fixed_364/build/win32/lib/locale/hu/LC_MESSAGES/gnome-icon-theme.mo
installing id.gmo as /srv/win32builder/fixed_364/build/win32/lib/locale/id/LC_MESSAGES/gnome-icon-theme.mo
installing is.gmo as /srv/win32builder/fixed_364/build/win32/lib/locale/is/LC_MESSAGES/gnome-icon-theme.mo
installing it.gmo as /srv/win32builder/fixed_364/build/win32/lib/locale/it/LC_MESSAGES/gnome-icon-theme.mo
installing ja.gmo as /srv/win32builder/fixed_364/build/win32/lib/locale/ja/LC_MESSAGES/gnome-icon-theme.mo
installing ka.gmo as /srv/win32builder/fixed_364/build/win32/lib/locale/ka/LC_MESSAGES/gnome-icon-theme.mo
installing kk.gmo as /srv/win32builder/fixed_364/build/win32/lib/locale/kk/LC_MESSAGES/gnome-icon-theme.mo
installing km.gmo as /srv/win32builder/fixed_364/build/win32/lib/locale/km/LC_MESSAGES/gnome-icon-theme.mo
installing kn.gmo as /srv/win32builder/fixed_364/build/win32/lib/locale/kn/LC_MESSAGES/gnome-icon-theme.mo
installing ko.gmo as /srv/win32builder/fixed_364/build/win32/lib/locale/ko/LC_MESSAGES/gnome-icon-theme.mo
installing ku.gmo as /srv/win32builder/fixed_364/build/win32/lib/locale/ku/LC_MESSAGES/gnome-icon-theme.mo
installing li.gmo as /srv/win32builder/fixed_364/build/win32/lib/locale/li/LC_MESSAGES/gnome-icon-theme.mo
installing lt.gmo as /srv/win32builder/fixed_364/build/win32/lib/locale/lt/LC_MESSAGES/gnome-icon-theme.mo
installing lv.gmo as /srv/win32builder/fixed_364/build/win32/lib/locale/lv/LC_MESSAGES/gnome-icon-theme.mo
installing mai.gmo as /srv/win32builder/fixed_364/build/win32/lib/locale/mai/LC_MESSAGES/gnome-icon-theme.mo
installing mg.gmo as /srv/win32builder/fixed_364/build/win32/lib/locale/mg/LC_MESSAGES/gnome-icon-theme.mo
installing mk.gmo as /srv/win32builder/fixed_364/build/win32/lib/locale/mk/LC_MESSAGES/gnome-icon-theme.mo
installing ml.gmo as /srv/win32builder/fixed_364/build/win32/lib/locale/ml/LC_MESSAGES/gnome-icon-theme.mo
installing mn.gmo as /srv/win32builder/fixed_364/build/win32/lib/locale/mn/LC_MESSAGES/gnome-icon-theme.mo
installing mr.gmo as /srv/win32builder/fixed_364/build/win32/lib/locale/mr/LC_MESSAGES/gnome-icon-theme.mo
installing ms.gmo as /srv/win32builder/fixed_364/build/win32/lib/locale/ms/LC_MESSAGES/gnome-icon-theme.mo
installing nb.gmo as /srv/win32builder/fixed_364/build/win32/lib/locale/nb/LC_MESSAGES/gnome-icon-theme.mo
installing nds.gmo as /srv/win32builder/fixed_364/build/win32/lib/locale/nds/LC_MESSAGES/gnome-icon-theme.mo
installing ne.gmo as /srv/win32builder/fixed_364/build/win32/lib/locale/ne/LC_MESSAGES/gnome-icon-theme.mo
installing nhn.gmo as /srv/win32builder/fixed_364/build/win32/lib/locale/nhn/LC_MESSAGES/gnome-icon-theme.mo
installing nl.gmo as /srv/win32builder/fixed_364/build/win32/lib/locale/nl/LC_MESSAGES/gnome-icon-theme.mo
installing nn.gmo as /srv/win32builder/fixed_364/build/win32/lib/locale/nn/LC_MESSAGES/gnome-icon-theme.mo
installing oc.gmo as /srv/win32builder/fixed_364/build/win32/lib/locale/oc/LC_MESSAGES/gnome-icon-theme.mo
installing or.gmo as /srv/win32builder/fixed_364/build/win32/lib/locale/or/LC_MESSAGES/gnome-icon-theme.mo
installing pa.gmo as /srv/win32builder/fixed_364/build/win32/lib/locale/pa/LC_MESSAGES/gnome-icon-theme.mo
installing pl.gmo as /srv/win32builder/fixed_364/build/win32/lib/locale/pl/LC_MESSAGES/gnome-icon-theme.mo
installing ps.gmo as /srv/win32builder/fixed_364/build/win32/lib/locale/ps/LC_MESSAGES/gnome-icon-theme.mo
installing pt.gmo as /srv/win32builder/fixed_364/build/win32/lib/locale/pt/LC_MESSAGES/gnome-icon-theme.mo
installing pt_BR.gmo as /srv/win32builder/fixed_364/build/win32/lib/locale/pt_BR/LC_MESSAGES/gnome-icon-theme.mo
installing ro.gmo as /srv/win32builder/fixed_364/build/win32/lib/locale/ro/LC_MESSAGES/gnome-icon-theme.mo
installing ru.gmo as /srv/win32builder/fixed_364/build/win32/lib/locale/ru/LC_MESSAGES/gnome-icon-theme.mo
installing rw.gmo as /srv/win32builder/fixed_364/build/win32/lib/locale/rw/LC_MESSAGES/gnome-icon-theme.mo
installing si.gmo as /srv/win32builder/fixed_364/build/win32/lib/locale/si/LC_MESSAGES/gnome-icon-theme.mo
installing sk.gmo as /srv/win32builder/fixed_364/build/win32/lib/locale/sk/LC_MESSAGES/gnome-icon-theme.mo
installing sl.gmo as /srv/win32builder/fixed_364/build/win32/lib/locale/sl/LC_MESSAGES/gnome-icon-theme.mo
installing sq.gmo as /srv/win32builder/fixed_364/build/win32/lib/locale/sq/LC_MESSAGES/gnome-icon-theme.mo
installing sr.gmo as /srv/win32builder/fixed_364/build/win32/lib/locale/sr/LC_MESSAGES/gnome-icon-theme.mo
installing sr@latin.gmo as /srv/win32builder/fixed_364/build/win32/lib/locale/sr@latin/LC_MESSAGES/gnome-icon-theme.mo
installing sv.gmo as /srv/win32builder/fixed_364/build/win32/lib/locale/sv/LC_MESSAGES/gnome-icon-theme.mo
installing ta.gmo as /srv/win32builder/fixed_364/build/win32/lib/locale/ta/LC_MESSAGES/gnome-icon-theme.mo
installing te.gmo as /srv/win32builder/fixed_364/build/win32/lib/locale/te/LC_MESSAGES/gnome-icon-theme.mo
installing th.gmo as /srv/win32builder/fixed_364/build/win32/lib/locale/th/LC_MESSAGES/gnome-icon-theme.mo
installing tk.gmo as /srv/win32builder/fixed_364/build/win32/lib/locale/tk/LC_MESSAGES/gnome-icon-theme.mo
installing tr.gmo as /srv/win32builder/fixed_364/build/win32/lib/locale/tr/LC_MESSAGES/gnome-icon-theme.mo
installing ug.gmo as /srv/win32builder/fixed_364/build/win32/lib/locale/ug/LC_MESSAGES/gnome-icon-theme.mo
installing uk.gmo as /srv/win32builder/fixed_364/build/win32/lib/locale/uk/LC_MESSAGES/gnome-icon-theme.mo
installing uz.gmo as /srv/win32builder/fixed_364/build/win32/lib/locale/uz/LC_MESSAGES/gnome-icon-theme.mo
installing uz@cyrillic.gmo as /srv/win32builder/fixed_364/build/win32/lib/locale/uz@cyrillic/LC_MESSAGES/gnome-icon-theme.mo
installing vi.gmo as /srv/win32builder/fixed_364/build/win32/lib/locale/vi/LC_MESSAGES/gnome-icon-theme.mo
installing wa.gmo as /srv/win32builder/fixed_364/build/win32/lib/locale/wa/LC_MESSAGES/gnome-icon-theme.mo
installing xh.gmo as /srv/win32builder/fixed_364/build/win32/lib/locale/xh/LC_MESSAGES/gnome-icon-theme.mo
installing zh_CN.gmo as /srv/win32builder/fixed_364/build/win32/lib/locale/zh_CN/LC_MESSAGES/gnome-icon-theme.mo
installing zh_HK.gmo as /srv/win32builder/fixed_364/build/win32/lib/locale/zh_HK/LC_MESSAGES/gnome-icon-theme.mo
installing zh_TW.gmo as /srv/win32builder/fixed_364/build/win32/lib/locale/zh_TW/LC_MESSAGES/gnome-icon-theme.mo
make[1]: Leaving directory `/srv/win32builder/fixed_364/libs/73_gnome-icon-theme/gnome-icon-theme-3.6.2/po'
Making install in src
make[1]: Entering directory `/srv/win32builder/fixed_364/libs/73_gnome-icon-theme/gnome-icon-theme-3.6.2/src'
make[2]: Entering directory `/srv/win32builder/fixed_364/libs/73_gnome-icon-theme/gnome-icon-theme-3.6.2/src'
make[2]: Nothing to be done for `install-exec-am'.
for size in 8x8 16x16 22x22 24x24 32x32 48x48 256x256; do \
		echo -e "Going to copy files for $size"; \
		for file in `cd ../gnome/$size && find . -name "*.png"`; do \
			context="`dirname $file`"; \
			/bin/mkdir -p /srv/win32builder/fixed_364/build/win32/share/icons/gnome/$size/$context; \
			/bin/sh /srv/win32builder/fixed_364/libs/73_gnome-icon-theme/gnome-icon-theme-3.6.2/install-sh -c -m 644 ../gnome/$size/$file /srv/win32builder/fixed_364/build/win32/share/icons/gnome/$size/$file; \
		done; \
	done; \
	if [ /srv/win32builder/fixed_364/build/win32/libexec/icon-name-mapping != "false" ]; then \
		cd /srv/win32builder/fixed_364/build/win32/share/icons/gnome; \
		for size in 8x8 16x16 22x22 24x24 32x32 48x48 256x256; do \
			cd $size || continue; \
			echo -e "Going to set up icon mapping for $size"; \
			for dir in `find . -type d`; do \
				context="`echo $dir | cut -c 3-`"; \
				if [ $context ]; then \
					/srv/win32builder/fixed_364/build/win32/libexec/icon-name-mapping -c $context; \
				fi; \
			done; \
			cd ..; \
		done; \
	fi
Going to copy files for 8x8
Going to copy files for 16x16
Going to copy files for 22x22
Going to copy files for 24x24
Going to copy files for 32x32
Going to copy files for 48x48
Going to copy files for 256x256
Going to set up icon mapping for 8x8
Setting up icon mapping for: emblems
Going to set up icon mapping for 16x16
Setting up icon mapping for: status
Setting up icon mapping for: mimetypes
Setting up icon mapping for: animations
Setting up icon mapping for: places
Setting up icon mapping for: emblems
Setting up icon mapping for: devices
Setting up icon mapping for: emotes
Setting up icon mapping for: categories
Setting up icon mapping for: apps
Setting up icon mapping for: actions
Going to set up icon mapping for 22x22
Setting up icon mapping for: status
Setting up icon mapping for: mimetypes
Setting up icon mapping for: animations
Setting up icon mapping for: places
Setting up icon mapping for: emblems
Setting up icon mapping for: devices
Setting up icon mapping for: emotes
Setting up icon mapping for: categories
Setting up icon mapping for: apps
Setting up icon mapping for: actions
Going to set up icon mapping for 24x24
Setting up icon mapping for: status
Setting up icon mapping for: mimetypes
Setting up icon mapping for: places
Setting up icon mapping for: emblems
Setting up icon mapping for: devices
Setting up icon mapping for: emotes
Setting up icon mapping for: categories
Setting up icon mapping for: apps
Setting up icon mapping for: actions
Going to set up icon mapping for 32x32
Setting up icon mapping for: status
Setting up icon mapping for: mimetypes
Setting up icon mapping for: animations
Setting up icon mapping for: places
Setting up icon mapping for: emblems
Setting up icon mapping for: devices
Setting up icon mapping for: emotes
Setting up icon mapping for: categories
Setting up icon mapping for: apps
Setting up icon mapping for: actions
Going to set up icon mapping for 48x48
Setting up icon mapping for: status
Setting up icon mapping for: mimetypes
Setting up icon mapping for: animations
Setting up icon mapping for: places
Setting up icon mapping for: emblems
Setting up icon mapping for: devices
Setting up icon mapping for: emotes
Setting up icon mapping for: categories
Setting up icon mapping for: apps
Setting up icon mapping for: actions
Going to set up icon mapping for 256x256
Setting up icon mapping for: status
Setting up icon mapping for: mimetypes
Setting up icon mapping for: places
Setting up icon mapping for: emblems
Setting up icon mapping for: devices
Setting up icon mapping for: emotes
Setting up icon mapping for: categories
Setting up icon mapping for: apps
Setting up icon mapping for: actions
make[2]: Leaving directory `/srv/win32builder/fixed_364/libs/73_gnome-icon-theme/gnome-icon-theme-3.6.2/src'
make[1]: Leaving directory `/srv/win32builder/fixed_364/libs/73_gnome-icon-theme/gnome-icon-theme-3.6.2/src'
make[1]: Entering directory `/srv/win32builder/fixed_364/libs/73_gnome-icon-theme/gnome-icon-theme-3.6.2'
make[2]: Entering directory `/srv/win32builder/fixed_364/libs/73_gnome-icon-theme/gnome-icon-theme-3.6.2'
make[2]: Nothing to be done for `install-exec-am'.
make -C po uninstall
make[3]: Entering directory `/srv/win32builder/fixed_364/libs/73_gnome-icon-theme/gnome-icon-theme-3.6.2/po'
linguas="af am an ar as ast az be be@latin bg bn bn_IN br bs ca ca@valencia crh cs csb cy da de dz el en_CA en_GB en@shaw eo es et eu fa fi fr fur fy ga gl gu he hi hr hu id is it ja ka kk km kn ko ku li lt lv mai mg mk ml mn mr ms nb nds ne nhn nl nn oc or pa pl ps pt pt_BR ro ru rw si sk sl sq sr sr@latin sv ta te th tk tr ug uk uz uz@cyrillic vi wa xh zh_CN zh_HK zh_TW "; \
	for lang in $linguas; do \
	  rm -f /srv/win32builder/fixed_364/build/win32/lib/locale/$lang/LC_MESSAGES/gnome-icon-theme.mo; \
	  rm -f /srv/win32builder/fixed_364/build/win32/lib/locale/$lang/LC_MESSAGES/gnome-icon-theme.mo.m; \
	done
make[3]: Leaving directory `/srv/win32builder/fixed_364/libs/73_gnome-icon-theme/gnome-icon-theme-3.6.2/po'
if [ -h /srv/win32builder/fixed_364/build/win32/share/icons/gnome ]; then \
		rm -f /srv/win32builder/fixed_364/build/win32/share/icons/gnome; \
	fi
if [ -d /srv/win32builder/fixed_364/build/win32/share/icons/gnome ]; then \
		touch /srv/win32builder/fixed_364/build/win32/share/icons/gnome; \
	fi
 /bin/mkdir -p '/srv/win32builder/fixed_364/build/win32/share/pkgconfig'
 /usr/bin/install -c -m 644 gnome-icon-theme.pc '/srv/win32builder/fixed_364/build/win32/share/pkgconfig'
 /bin/mkdir -p '/srv/win32builder/fixed_364/build/win32/share/icons/gnome'
 /usr/bin/install -c -m 644 index.theme '/srv/win32builder/fixed_364/build/win32/share/icons/gnome'
make  install-data-hook
make[3]: Entering directory `/srv/win32builder/fixed_364/libs/73_gnome-icon-theme/gnome-icon-theme-3.6.2'
/usr/bin/gtk-update-icon-cache -q /srv/win32builder/fixed_364/build/win32/share/icons/gnome
make[3]: Leaving directory `/srv/win32builder/fixed_364/libs/73_gnome-icon-theme/gnome-icon-theme-3.6.2'
make[2]: Leaving directory `/srv/win32builder/fixed_364/libs/73_gnome-icon-theme/gnome-icon-theme-3.6.2'
make[1]: Leaving directory `/srv/win32builder/fixed_364/libs/73_gnome-icon-theme/gnome-icon-theme-3.6.2'
